[debug] [2024-06-15T09:09:44.878Z] ----------------------------------------------------------------------
[debug] [2024-06-15T09:09:44.880Z] Command:       C:\Program Files\nodejs\node.exe C:\Users\offic\AppData\Roaming\npm\node_modules\firebase-tools\lib\bin\firebase.js init
[debug] [2024-06-15T09:09:44.880Z] CLI Version:   13.11.2
[debug] [2024-06-15T09:09:44.881Z] Platform:      win32
[debug] [2024-06-15T09:09:44.881Z] Node Version:  v18.18.0
[debug] [2024-06-15T09:09:44.882Z] Time:          Sat Jun 15 2024 14:39:44 GMT+0530 (India Standard Time)
[debug] [2024-06-15T09:09:44.883Z] ----------------------------------------------------------------------
[debug] 
[debug] [2024-06-15T09:09:44.899Z] > command requires scopes: ["email","openid","https://www.googleapis.com/auth/cloudplatformprojects.readonly","https://www.googleapis.com/auth/firebase","https://www.googleapis.com/auth/cloud-platform"]
[debug] [2024-06-15T09:09:44.900Z] > authorizing via signed-in user (officialnikit120598@gmail.com)
[info] 
     ######## #### ########  ######## ########     ###     ######  ########
     ##        ##  ##     ## ##       ##     ##  ##   ##  ##       ##
     ######    ##  ########  ######   ########  #########  ######  ######
     ##        ##  ##    ##  ##       ##     ## ##     ##       ## ##
     ##       #### ##     ## ######## ########  ##     ##  ######  ########

You're about to initialize a Firebase project in this directory:

  C:\Users\offic\Desktop\ReactProject\hello-world

[info] 
=== Project Setup
[info] 
[info] First, let's associate this project directory with a Firebase project.
[info] You can create multiple project aliases by running firebase use --add, 
[info] but for now we'll just set up a default project.
[info] 
[debug] [2024-06-15T09:12:37.633Z] >>> [apiv2][query] GET https://firebase.googleapis.com/v1beta1/projects pageSize=100
[debug] [2024-06-15T09:12:38.720Z] <<< [apiv2][status] GET https://firebase.googleapis.com/v1beta1/projects 200
[debug] [2024-06-15T09:12:38.721Z] <<< [apiv2][body] GET https://firebase.googleapis.com/v1beta1/projects [omitted]
[info] i  Using project my-react-app-1-5e9a9 (my-React-app-1) 
[info] 
=== Hosting Setup
[debug] [2024-06-15T09:12:50.853Z] >>> [apiv2][query] GET https://firebase.googleapis.com/v1beta1/projects/my-react-app-1-5e9a9 [none]
[debug] [2024-06-15T09:12:54.415Z] <<< [apiv2][status] GET https://firebase.googleapis.com/v1beta1/projects/my-react-app-1-5e9a9 200
[debug] [2024-06-15T09:12:54.415Z] <<< [apiv2][body] GET https://firebase.googleapis.com/v1beta1/projects/my-react-app-1-5e9a9 {"projectId":"my-react-app-1-5e9a9","projectNumber":"698288090772","displayName":"my-React-app-1","name":"projects/my-react-app-1-5e9a9","resources":{"hostingSite":"my-react-app-1-5e9a9","realtimeDatabaseInstance":"my-react-app-1-5e9a9-default-rtdb"},"state":"ACTIVE","etag":"1_04e59809-1532-4a93-bcea-e190a8b45a08"}
[info] 
[info] Your public directory is the folder (relative to your project directory) that
[info] will contain Hosting assets to be uploaded with firebase deploy. If you
[info] have a build process for your assets, use your build's output directory.
[info] 
[debug] [2024-06-15T09:14:17.162Z] >>> [apiv2][query] GET https://www.gstatic.com/firebasejs/releases.json [none]
[debug] [2024-06-15T09:14:17.575Z] <<< [apiv2][status] GET https://www.gstatic.com/firebasejs/releases.json 200
[debug] [2024-06-15T09:14:17.576Z] <<< [apiv2][body] GET https://www.gstatic.com/firebasejs/releases.json {"current":{"version":"10.12.2","browserURL":"https://www.gstatic.com/firebasejs/10.12.2/firebase.js","packageURL":"https://www.gstatic.com/firebasejs/10.12.2/firebase.tgz"},"live":{"version":"10.12","browserURL":"https://www.gstatic.com/firebasejs/live/10.12/firebase.js","packageURL":"https://www.gstatic.com/firebasejs/live/10.12/firebase.tgz"},"components":{"analytics":"https://www.gstatic.com/firebasejs/10.12.2/firebase-analytics.js","app":"https://www.gstatic.com/firebasejs/10.12.2/firebase-app.js","app-check":"https://www.gstatic.com/firebasejs/10.12.2/firebase-app-check.js","auth":"https://www.gstatic.com/firebasejs/10.12.2/firebase-auth.js","auth/cordova":"https://www.gstatic.com/firebasejs/10.12.2/firebase-auth/cordova.js","auth/web-extension":"https://www.gstatic.com/firebasejs/10.12.2/firebase-auth/web-extension.js","functions":"https://www.gstatic.com/firebasejs/10.12.2/firebase-functions.js","firestore":"https://www.gstatic.com/firebasejs/10.12.2/firebase-firestore.js","firestore/lite":"https://www.gstatic.com/firebasejs/10.12.2/firebase-firestore/lite.js","installations":"https://www.gstatic.com/firebasejs/10.12.2/firebase-installations.js","storage":"https://www.gstatic.com/firebasejs/10.12.2/firebase-storage.js","performance":"https://www.gstatic.com/firebasejs/10.12.2/firebase-performance.js","remote-config":"https://www.gstatic.com/firebasejs/10.12.2/firebase-remote-config.js","messaging":"https://www.gstatic.com/firebasejs/10.12.2/firebase-messaging.js","messaging/sw":"https://www.gstatic.com/firebasejs/10.12.2/firebase-messaging/sw.js","database":"https://www.gstatic.com/firebasejs/10.12.2/firebase-database.js","vertexai-preview":"https://www.gstatic.com/firebasejs/10.12.2/firebase-vertexai-preview.js","firestore.memory":"https://www.gstatic.com/firebasejs/10.12.2/firebase-firestore.memory.js"}}
[debug] [2024-06-15T09:14:17.582Z] Error: ENOENT: no such file or directory, mkdir 'C:\Users\offic\Desktop\ReactProject\hello-world\build 	'
    at Object.mkdirSync (node:fs:1398:3)
    at module.exports.makeDirSync (C:\Users\offic\AppData\Roaming\npm\node_modules\firebase-tools\node_modules\fs-extra\lib\mkdirs\make-dir.js:23:13)
    at Object.createFileSync (C:\Users\offic\AppData\Roaming\npm\node_modules\firebase-tools\node_modules\fs-extra\lib\ensure\file.js:59:45)
    at Config.writeProjectFile (C:\Users\offic\AppData\Roaming\npm\node_modules\firebase-tools\lib\config.js:154:12)
    at C:\Users\offic\AppData\Roaming\npm\node_modules\firebase-tools\lib\config.js:178:22
    at process.processTicksAndRejections (node:internal/process/task_queues:95:5)
    at async doSetup (C:\Users\offic\AppData\Roaming\npm\node_modules\firebase-tools\lib\init\features\hosting\index.js:177:9)
    at async init (C:\Users\offic\AppData\Roaming\npm\node_modules\firebase-tools\lib\init\index.js:39:9)
[error] 
[error] Error: An unexpected error has occurred.
